[2023-12-18 06:29:59,735] INFO [Controller id=0 epoch=1] Sending UpdateMetadata request to brokers HashSet(0) for 0 partitions (state.change.logger)
[2023-12-18 06:30:51,277] INFO [Controller id=0 epoch=1] Changed partition TRSIS7-0 state from NonExistentPartition to NewPartition with assigned replicas 0 (state.change.logger)
[2023-12-18 06:30:51,277] INFO [Controller id=0 epoch=1] Sending UpdateMetadata request to brokers HashSet() for 0 partitions (state.change.logger)
[2023-12-18 06:30:51,281] INFO [Controller id=0 epoch=1] Sending UpdateMetadata request to brokers HashSet() for 0 partitions (state.change.logger)
[2023-12-18 06:30:51,317] INFO [Controller id=0 epoch=1] Changed partition TRSIS7-0 from NewPartition to OnlinePartition with state LeaderAndIsr(leader=0, leaderEpoch=0, isrWithBrokerEpoch=List(BrokerState(brokerId=0, brokerEpoch=-1)), leaderRecoveryState=RECOVERED, partitionEpoch=0) (state.change.logger)
[2023-12-18 06:30:51,320] INFO [Controller id=0 epoch=1] Sending LeaderAndIsr request to broker 0 with 1 become-leader and 0 become-follower partitions (state.change.logger)
[2023-12-18 06:30:51,322] INFO [Controller id=0 epoch=1] Sending UpdateMetadata request to brokers HashSet(0) for 1 partitions (state.change.logger)
[2023-12-18 06:30:51,322] INFO [Controller id=0 epoch=1] Sending UpdateMetadata request to brokers HashSet() for 0 partitions (state.change.logger)
[2023-12-18 06:30:51,326] INFO [Broker id=0] Handling LeaderAndIsr request correlationId 1 from controller 0 for 1 partitions (state.change.logger)
[2023-12-18 06:30:51,345] INFO [Broker id=0] Stopped fetchers as part of LeaderAndIsr request correlationId 1 from controller 0 epoch 1 as part of the become-leader transition for 1 partitions (state.change.logger)
[2023-12-18 06:30:51,418] INFO [Broker id=0] Leader TRSIS7-0 with topic id Some(NH7GMSKGR4yl1g0evzt5dA) starts at leader epoch 0 from offset 0 with partition epoch 0, high watermark 0, ISR [0], adding replicas [] and removing replicas [] . Previous leader None and previous leader epoch was -1. (state.change.logger)
[2023-12-18 06:30:51,435] INFO [Broker id=0] Finished LeaderAndIsr request in 110ms correlationId 1 from controller 0 for 1 partitions (state.change.logger)
[2023-12-18 06:30:51,445] INFO [Broker id=0] Add 1 partitions and deleted 0 partitions from metadata cache in response to UpdateMetadata request sent by controller 0 epoch 1 with correlation id 2 (state.change.logger)
[2023-12-18 06:31:52,207] INFO [Controller id=0 epoch=1] Changed partition __consumer_offsets-22 state from NonExistentPartition to NewPartition with assigned replicas 0 (state.change.logger)
[2023-12-18 06:31:52,207] INFO [Controller id=0 epoch=1] Changed partition __consumer_offsets-30 state from NonExistentPartition to NewPartition with assigned replicas 0 (state.change.logger)
[2023-12-18 06:31:52,207] INFO [Controller id=0 epoch=1] Changed partition __consumer_offsets-25 state from NonExistentPartition to NewPartition with assigned replicas 0 (state.change.logger)
[2023-12-18 06:31:52,207] INFO [Controller id=0 epoch=1] Changed partition __consumer_offsets-35 state from NonExistentPartition to NewPartition with assigned replicas 0 (state.change.logger)
[2023-12-18 06:31:52,207] INFO [Controller id=0 epoch=1] Changed partition __consumer_offsets-37 state from NonExistentPartition to NewPartition with assigned replicas 0 (state.change.logger)
[2023-12-18 06:31:52,207] INFO [Controller id=0 epoch=1] Changed partition __consumer_offsets-38 state from NonExistentPartition to NewPartition with assigned replicas 0 (state.change.logger)
[2023-12-18 06:31:52,207] INFO [Controller id=0 epoch=1] Changed partition __consumer_offsets-13 state from NonExistentPartition to NewPartition with assigned replicas 0 (state.change.logger)
[2023-12-18 06:31:52,207] INFO [Controller id=0 epoch=1] Changed partition __consumer_offsets-8 state from NonExistentPartition to NewPartition with assigned replicas 0 (state.change.logger)
[2023-12-18 06:31:52,207] INFO [Controller id=0 epoch=1] Changed partition __consumer_offsets-21 state from NonExistentPartition to NewPartition with assigned replicas 0 (state.change.logger)
[2023-12-18 06:31:52,207] INFO [Controller id=0 epoch=1] Changed partition __consumer_offsets-4 state from NonExistentPartition to NewPartition with assigned replicas 0 (state.change.logger)
[2023-12-18 06:31:52,208] INFO [Controller id=0 epoch=1] Changed partition __consumer_offsets-27 state from NonExistentPartition to NewPartition with assigned replicas 0 (state.change.logger)
[2023-12-18 06:31:52,208] INFO [Controller id=0 epoch=1] Changed partition __consumer_offsets-7 state from NonExistentPartition to NewPartition with assigned replicas 0 (state.change.logger)
[2023-12-18 06:31:52,208] INFO [Controller id=0 epoch=1] Changed partition __consumer_offsets-9 state from NonExistentPartition to NewPartition with assigned replicas 0 (state.change.logger)
[2023-12-18 06:31:52,208] INFO [Controller id=0 epoch=1] Changed partition __consumer_offsets-46 state from NonExistentPartition to NewPartition with assigned replicas 0 (state.change.logger)
[2023-12-18 06:31:52,208] INFO [Controller id=0 epoch=1] Changed partition __consumer_offsets-41 state from NonExistentPartition to NewPartition with assigned replicas 0 (state.change.logger)
[2023-12-18 06:31:52,208] INFO [Controller id=0 epoch=1] Changed partition __consumer_offsets-33 state from NonExistentPartition to NewPartition with assigned replicas 0 (state.change.logger)
[2023-12-18 06:31:52,208] INFO [Controller id=0 epoch=1] Changed partition __consumer_offsets-23 state from NonExistentPartition to NewPartition with assigned replicas 0 (state.change.logger)
[2023-12-18 06:31:52,208] INFO [Controller id=0 epoch=1] Changed partition __consumer_offsets-49 state from NonExistentPartition to NewPartition with assigned replicas 0 (state.change.logger)
[2023-12-18 06:31:52,208] INFO [Controller id=0 epoch=1] Changed partition __consumer_offsets-47 state from NonExistentPartition to NewPartition with assigned replicas 0 (state.change.logger)
[2023-12-18 06:31:52,208] INFO [Controller id=0 epoch=1] Changed partition __consumer_offsets-16 state from NonExistentPartition to NewPartition with assigned replicas 0 (state.change.logger)
[2023-12-18 06:31:52,208] INFO [Controller id=0 epoch=1] Changed partition __consumer_offsets-28 state from NonExistentPartition to NewPartition with assigned replicas 0 (state.change.logger)
[2023-12-18 06:31:52,208] INFO [Controller id=0 epoch=1] Changed partition __consumer_offsets-31 state from NonExistentPartition to NewPartition with assigned replicas 0 (state.change.logger)
[2023-12-18 06:31:52,208] INFO [Controller id=0 epoch=1] Changed partition __consumer_offsets-36 state from NonExistentPartition to NewPartition with assigned replicas 0 (state.change.logger)
[2023-12-18 06:31:52,208] INFO [Controller id=0 epoch=1] Changed partition __consumer_offsets-42 state from NonExistentPartition to NewPartition with assigned replicas 0 (state.change.logger)
[2023-12-18 06:31:52,208] INFO [Controller id=0 epoch=1] Changed partition __consumer_offsets-3 state from NonExistentPartition to NewPartition with assigned replicas 0 (state.change.logger)
[2023-12-18 06:31:52,208] INFO [Controller id=0 epoch=1] Changed partition __consumer_offsets-18 state from NonExistentPartition to NewPartition with assigned replicas 0 (state.change.logger)
[2023-12-18 06:31:52,208] INFO [Controller id=0 epoch=1] Changed partition __consumer_offsets-15 state from NonExistentPartition to NewPartition with assigned replicas 0 (state.change.logger)
[2023-12-18 06:31:52,208] INFO [Controller id=0 epoch=1] Changed partition __consumer_offsets-24 state from NonExistentPartition to NewPartition with assigned replicas 0 (state.change.logger)
[2023-12-18 06:31:52,208] INFO [Controller id=0 epoch=1] Changed partition __consumer_offsets-17 state from NonExistentPartition to NewPartition with assigned replicas 0 (state.change.logger)
[2023-12-18 06:31:52,208] INFO [Controller id=0 epoch=1] Changed partition __consumer_offsets-48 state from NonExistentPartition to NewPartition with assigned replicas 0 (state.change.logger)
[2023-12-18 06:31:52,208] INFO [Controller id=0 epoch=1] Changed partition __consumer_offsets-19 state from NonExistentPartition to NewPartition with assigned replicas 0 (state.change.logger)
[2023-12-18 06:31:52,208] INFO [Controller id=0 epoch=1] Changed partition __consumer_offsets-11 state from NonExistentPartition to NewPartition with assigned replicas 0 (state.change.logger)
[2023-12-18 06:31:52,208] INFO [Controller id=0 epoch=1] Changed partition __consumer_offsets-2 state from NonExistentPartition to NewPartition with assigned replicas 0 (state.change.logger)
[2023-12-18 06:31:52,208] INFO [Controller id=0 epoch=1] Changed partition __consumer_offsets-43 state from NonExistentPartition to NewPartition with assigned replicas 0 (state.change.logger)
[2023-12-18 06:31:52,208] INFO [Controller id=0 epoch=1] Changed partition __consumer_offsets-6 state from NonExistentPartition to NewPartition with assigned replicas 0 (state.change.logger)
[2023-12-18 06:31:52,208] INFO [Controller id=0 epoch=1] Changed partition __consumer_offsets-14 state from NonExistentPartition to NewPartition with assigned replicas 0 (state.change.logger)
[2023-12-18 06:31:52,208] INFO [Controller id=0 epoch=1] Changed partition __consumer_offsets-20 state from NonExistentPartition to NewPartition with assigned replicas 0 (state.change.logger)
[2023-12-18 06:31:52,208] INFO [Controller id=0 epoch=1] Changed partition __consumer_offsets-0 state from NonExistentPartition to NewPartition with assigned replicas 0 (state.change.logger)
[2023-12-18 06:31:52,209] INFO [Controller id=0 epoch=1] Changed partition __consumer_offsets-44 state from NonExistentPartition to NewPartition with assigned replicas 0 (state.change.logger)
[2023-12-18 06:31:52,209] INFO [Controller id=0 epoch=1] Changed partition __consumer_offsets-39 state from NonExistentPartition to NewPartition with assigned replicas 0 (state.change.logger)
[2023-12-18 06:31:52,209] INFO [Controller id=0 epoch=1] Changed partition __consumer_offsets-12 state from NonExistentPartition to NewPartition with assigned replicas 0 (state.change.logger)
[2023-12-18 06:31:52,209] INFO [Controller id=0 epoch=1] Changed partition __consumer_offsets-45 state from NonExistentPartition to NewPartition with assigned replicas 0 (state.change.logger)
[2023-12-18 06:31:52,209] INFO [Controller id=0 epoch=1] Changed partition __consumer_offsets-1 state from NonExistentPartition to NewPartition with assigned replicas 0 (state.change.logger)
[2023-12-18 06:31:52,209] INFO [Controller id=0 epoch=1] Changed partition __consumer_offsets-5 state from NonExistentPartition to NewPartition with assigned replicas 0 (state.change.logger)
[2023-12-18 06:31:52,209] INFO [Controller id=0 epoch=1] Changed partition __consumer_offsets-26 state from NonExistentPartition to NewPartition with assigned replicas 0 (state.change.logger)
[2023-12-18 06:31:52,209] INFO [Controller id=0 epoch=1] Changed partition __consumer_offsets-29 state from NonExistentPartition to NewPartition with assigned replicas 0 (state.change.logger)
[2023-12-18 06:31:52,209] INFO [Controller id=0 epoch=1] Changed partition __consumer_offsets-34 state from NonExistentPartition to NewPartition with assigned replicas 0 (state.change.logger)
[2023-12-18 06:31:52,209] INFO [Controller id=0 epoch=1] Changed partition __consumer_offsets-10 state from NonExistentPartition to NewPartition with assigned replicas 0 (state.change.logger)
[2023-12-18 06:31:52,209] INFO [Controller id=0 epoch=1] Changed partition __consumer_offsets-32 state from NonExistentPartition to NewPartition with assigned replicas 0 (state.change.logger)
[2023-12-18 06:31:52,209] INFO [Controller id=0 epoch=1] Changed partition __consumer_offsets-40 state from NonExistentPartition to NewPartition with assigned replicas 0 (state.change.logger)
[2023-12-18 06:31:52,209] INFO [Controller id=0 epoch=1] Sending UpdateMetadata request to brokers HashSet() for 0 partitions (state.change.logger)
[2023-12-18 06:31:52,211] INFO [Controller id=0 epoch=1] Sending UpdateMetadata request to brokers HashSet() for 0 partitions (state.change.logger)
[2023-12-18 06:31:52,314] INFO [Controller id=0 epoch=1] Changed partition __consumer_offsets-22 from NewPartition to OnlinePartition with state LeaderAndIsr(leader=0, leaderEpoch=0, isrWithBrokerEpoch=List(BrokerState(brokerId=0, brokerEpoch=-1)), leaderRecoveryState=RECOVERED, partitionEpoch=0) (state.change.logger)
[2023-12-18 06:31:52,314] INFO [Controller id=0 epoch=1] Changed partition __consumer_offsets-30 from NewPartition to OnlinePartition with state LeaderAndIsr(leader=0, leaderEpoch=0, isrWithBrokerEpoch=List(BrokerState(brokerId=0, brokerEpoch=-1)), leaderRecoveryState=RECOVERED, partitionEpoch=0) (state.change.logger)
[2023-12-18 06:31:52,314] INFO [Controller id=0 epoch=1] Changed partition __consumer_offsets-25 from NewPartition to OnlinePartition with state LeaderAndIsr(leader=0, leaderEpoch=0, isrWithBrokerEpoch=List(BrokerState(brokerId=0, brokerEpoch=-1)), leaderRecoveryState=RECOVERED, partitionEpoch=0) (state.change.logger)
[2023-12-18 06:31:52,314] INFO [Controller id=0 epoch=1] Changed partition __consumer_offsets-35 from NewPartition to OnlinePartition with state LeaderAndIsr(leader=0, leaderEpoch=0, isrWithBrokerEpoch=List(BrokerState(brokerId=0, brokerEpoch=-1)), leaderRecoveryState=RECOVERED, partitionEpoch=0) (state.change.logger)
[2023-12-18 06:31:52,314] INFO [Controller id=0 epoch=1] Changed partition __consumer_offsets-37 from NewPartition to OnlinePartition with state LeaderAndIsr(leader=0, leaderEpoch=0, isrWithBrokerEpoch=List(BrokerState(brokerId=0, brokerEpoch=-1)), leaderRecoveryState=RECOVERED, partitionEpoch=0) (state.change.logger)
[2023-12-18 06:31:52,314] INFO [Controller id=0 epoch=1] Changed partition __consumer_offsets-38 from NewPartition to OnlinePartition with state LeaderAndIsr(leader=0, leaderEpoch=0, isrWithBrokerEpoch=List(BrokerState(brokerId=0, brokerEpoch=-1)), leaderRecoveryState=RECOVERED, partitionEpoch=0) (state.change.logger)
[2023-12-18 06:31:52,314] INFO [Controller id=0 epoch=1] Changed partition __consumer_offsets-13 from NewPartition to OnlinePartition with state LeaderAndIsr(leader=0, leaderEpoch=0, isrWithBrokerEpoch=List(BrokerState(brokerId=0, brokerEpoch=-1)), leaderRecoveryState=RECOVERED, partitionEpoch=0) (state.change.logger)
[2023-12-18 06:31:52,315] INFO [Controller id=0 epoch=1] Changed partition __consumer_offsets-8 from NewPartition to OnlinePartition with state LeaderAndIsr(leader=0, leaderEpoch=0, isrWithBrokerEpoch=List(BrokerState(brokerId=0, brokerEpoch=-1)), leaderRecoveryState=RECOVERED, partitionEpoch=0) (state.change.logger)
[2023-12-18 06:31:52,315] INFO [Controller id=0 epoch=1] Changed partition __consumer_offsets-21 from NewPartition to OnlinePartition with state LeaderAndIsr(leader=0, leaderEpoch=0, isrWithBrokerEpoch=List(BrokerState(brokerId=0, brokerEpoch=-1)), leaderRecoveryState=RECOVERED, partitionEpoch=0) (state.change.logger)
[2023-12-18 06:31:52,315] INFO [Controller id=0 epoch=1] Changed partition __consumer_offsets-4 from NewPartition to OnlinePartition with state LeaderAndIsr(leader=0, leaderEpoch=0, isrWithBrokerEpoch=List(BrokerState(brokerId=0, brokerEpoch=-1)), leaderRecoveryState=RECOVERED, partitionEpoch=0) (state.change.logger)
[2023-12-18 06:31:52,315] INFO [Controller id=0 epoch=1] Changed partition __consumer_offsets-27 from NewPartition to OnlinePartition with state LeaderAndIsr(leader=0, leaderEpoch=0, isrWithBrokerEpoch=List(BrokerState(brokerId=0, brokerEpoch=-1)), leaderRecoveryState=RECOVERED, partitionEpoch=0) (state.change.logger)
[2023-12-18 06:31:52,315] INFO [Controller id=0 epoch=1] Changed partition __consumer_offsets-7 from NewPartition to OnlinePartition with state LeaderAndIsr(leader=0, leaderEpoch=0, isrWithBrokerEpoch=List(BrokerState(brokerId=0, brokerEpoch=-1)), leaderRecoveryState=RECOVERED, partitionEpoch=0) (state.change.logger)
[2023-12-18 06:31:52,315] INFO [Controller id=0 epoch=1] Changed partition __consumer_offsets-9 from NewPartition to OnlinePartition with state LeaderAndIsr(leader=0, leaderEpoch=0, isrWithBrokerEpoch=List(BrokerState(brokerId=0, brokerEpoch=-1)), leaderRecoveryState=RECOVERED, partitionEpoch=0) (state.change.logger)
[2023-12-18 06:31:52,315] INFO [Controller id=0 epoch=1] Changed partition __consumer_offsets-46 from NewPartition to OnlinePartition with state LeaderAndIsr(leader=0, leaderEpoch=0, isrWithBrokerEpoch=List(BrokerState(brokerId=0, brokerEpoch=-1)), leaderRecoveryState=RECOVERED, partitionEpoch=0) (state.change.logger)
[2023-12-18 06:31:52,315] INFO [Controller id=0 epoch=1] Changed partition __consumer_offsets-41 from NewPartition to OnlinePartition with state LeaderAndIsr(leader=0, leaderEpoch=0, isrWithBrokerEpoch=List(BrokerState(brokerId=0, brokerEpoch=-1)), leaderRecoveryState=RECOVERED, partitionEpoch=0) (state.change.logger)
[2023-12-18 06:31:52,315] INFO [Controller id=0 epoch=1] Changed partition __consumer_offsets-33 from NewPartition to OnlinePartition with state LeaderAndIsr(leader=0, leaderEpoch=0, isrWithBrokerEpoch=List(BrokerState(brokerId=0, brokerEpoch=-1)), leaderRecoveryState=RECOVERED, partitionEpoch=0) (state.change.logger)
[2023-12-18 06:31:52,315] INFO [Controller id=0 epoch=1] Changed partition __consumer_offsets-23 from NewPartition to OnlinePartition with state LeaderAndIsr(leader=0, leaderEpoch=0, isrWithBrokerEpoch=List(BrokerState(brokerId=0, brokerEpoch=-1)), leaderRecoveryState=RECOVERED, partitionEpoch=0) (state.change.logger)
[2023-12-18 06:31:52,315] INFO [Controller id=0 epoch=1] Changed partition __consumer_offsets-49 from NewPartition to OnlinePartition with state LeaderAndIsr(leader=0, leaderEpoch=0, isrWithBrokerEpoch=List(BrokerState(brokerId=0, brokerEpoch=-1)), leaderRecoveryState=RECOVERED, partitionEpoch=0) (state.change.logger)
[2023-12-18 06:31:52,315] INFO [Controller id=0 epoch=1] Changed partition __consumer_offsets-47 from NewPartition to OnlinePartition with state LeaderAndIsr(leader=0, leaderEpoch=0, isrWithBrokerEpoch=List(BrokerState(brokerId=0, brokerEpoch=-1)), leaderRecoveryState=RECOVERED, partitionEpoch=0) (state.change.logger)
[2023-12-18 06:31:52,315] INFO [Controller id=0 epoch=1] Changed partition __consumer_offsets-16 from NewPartition to OnlinePartition with state LeaderAndIsr(leader=0, leaderEpoch=0, isrWithBrokerEpoch=List(BrokerState(brokerId=0, brokerEpoch=-1)), leaderRecoveryState=RECOVERED, partitionEpoch=0) (state.change.logger)
[2023-12-18 06:31:52,315] INFO [Controller id=0 epoch=1] Changed partition __consumer_offsets-28 from NewPartition to OnlinePartition with state LeaderAndIsr(leader=0, leaderEpoch=0, isrWithBrokerEpoch=List(BrokerState(brokerId=0, brokerEpoch=-1)), leaderRecoveryState=RECOVERED, partitionEpoch=0) (state.change.logger)
[2023-12-18 06:31:52,315] INFO [Controller id=0 epoch=1] Changed partition __consumer_offsets-31 from NewPartition to OnlinePartition with state LeaderAndIsr(leader=0, leaderEpoch=0, isrWithBrokerEpoch=List(BrokerState(brokerId=0, brokerEpoch=-1)), leaderRecoveryState=RECOVERED, partitionEpoch=0) (state.change.logger)
[2023-12-18 06:31:52,315] INFO [Controller id=0 epoch=1] Changed partition __consumer_offsets-36 from NewPartition to OnlinePartition with state LeaderAndIsr(leader=0, leaderEpoch=0, isrWithBrokerEpoch=List(BrokerState(brokerId=0, brokerEpoch=-1)), leaderRecoveryState=RECOVERED, partitionEpoch=0) (state.change.logger)
[2023-12-18 06:31:52,315] INFO [Controller id=0 epoch=1] Changed partition __consumer_offsets-42 from NewPartition to OnlinePartition with state LeaderAndIsr(leader=0, leaderEpoch=0, isrWithBrokerEpoch=List(BrokerState(brokerId=0, brokerEpoch=-1)), leaderRecoveryState=RECOVERED, partitionEpoch=0) (state.change.logger)
[2023-12-18 06:31:52,315] INFO [Controller id=0 epoch=1] Changed partition __consumer_offsets-3 from NewPartition to OnlinePartition with state LeaderAndIsr(leader=0, leaderEpoch=0, isrWithBrokerEpoch=List(BrokerState(brokerId=0, brokerEpoch=-1)), leaderRecoveryState=RECOVERED, partitionEpoch=0) (state.change.logger)
[2023-12-18 06:31:52,315] INFO [Controller id=0 epoch=1] Changed partition __consumer_offsets-18 from NewPartition to OnlinePartition with state LeaderAndIsr(leader=0, leaderEpoch=0, isrWithBrokerEpoch=List(BrokerState(brokerId=0, brokerEpoch=-1)), leaderRecoveryState=RECOVERED, partitionEpoch=0) (state.change.logger)
[2023-12-18 06:31:52,315] INFO [Controller id=0 epoch=1] Changed partition __consumer_offsets-15 from NewPartition to OnlinePartition with state LeaderAndIsr(leader=0, leaderEpoch=0, isrWithBrokerEpoch=List(BrokerState(brokerId=0, brokerEpoch=-1)), leaderRecoveryState=RECOVERED, partitionEpoch=0) (state.change.logger)
[2023-12-18 06:31:52,315] INFO [Controller id=0 epoch=1] Changed partition __consumer_offsets-24 from NewPartition to OnlinePartition with state LeaderAndIsr(leader=0, leaderEpoch=0, isrWithBrokerEpoch=List(BrokerState(brokerId=0, brokerEpoch=-1)), leaderRecoveryState=RECOVERED, partitionEpoch=0) (state.change.logger)
[2023-12-18 06:31:52,315] INFO [Controller id=0 epoch=1] Changed partition __consumer_offsets-17 from NewPartition to OnlinePartition with state LeaderAndIsr(leader=0, leaderEpoch=0, isrWithBrokerEpoch=List(BrokerState(brokerId=0, brokerEpoch=-1)), leaderRecoveryState=RECOVERED, partitionEpoch=0) (state.change.logger)
[2023-12-18 06:31:52,315] INFO [Controller id=0 epoch=1] Changed partition __consumer_offsets-48 from NewPartition to OnlinePartition with state LeaderAndIsr(leader=0, leaderEpoch=0, isrWithBrokerEpoch=List(BrokerState(brokerId=0, brokerEpoch=-1)), leaderRecoveryState=RECOVERED, partitionEpoch=0) (state.change.logger)
[2023-12-18 06:31:52,315] INFO [Controller id=0 epoch=1] Changed partition __consumer_offsets-19 from NewPartition to OnlinePartition with state LeaderAndIsr(leader=0, leaderEpoch=0, isrWithBrokerEpoch=List(BrokerState(brokerId=0, brokerEpoch=-1)), leaderRecoveryState=RECOVERED, partitionEpoch=0) (state.change.logger)
[2023-12-18 06:31:52,315] INFO [Controller id=0 epoch=1] Changed partition __consumer_offsets-11 from NewPartition to OnlinePartition with state LeaderAndIsr(leader=0, leaderEpoch=0, isrWithBrokerEpoch=List(BrokerState(brokerId=0, brokerEpoch=-1)), leaderRecoveryState=RECOVERED, partitionEpoch=0) (state.change.logger)
[2023-12-18 06:31:52,316] INFO [Controller id=0 epoch=1] Changed partition __consumer_offsets-2 from NewPartition to OnlinePartition with state LeaderAndIsr(leader=0, leaderEpoch=0, isrWithBrokerEpoch=List(BrokerState(brokerId=0, brokerEpoch=-1)), leaderRecoveryState=RECOVERED, partitionEpoch=0) (state.change.logger)
[2023-12-18 06:31:52,316] INFO [Controller id=0 epoch=1] Changed partition __consumer_offsets-43 from NewPartition to OnlinePartition with state LeaderAndIsr(leader=0, leaderEpoch=0, isrWithBrokerEpoch=List(BrokerState(brokerId=0, brokerEpoch=-1)), leaderRecoveryState=RECOVERED, partitionEpoch=0) (state.change.logger)
[2023-12-18 06:31:52,316] INFO [Controller id=0 epoch=1] Changed partition __consumer_offsets-6 from NewPartition to OnlinePartition with state LeaderAndIsr(leader=0, leaderEpoch=0, isrWithBrokerEpoch=List(BrokerState(brokerId=0, brokerEpoch=-1)), leaderRecoveryState=RECOVERED, partitionEpoch=0) (state.change.logger)
[2023-12-18 06:31:52,316] INFO [Controller id=0 epoch=1] Changed partition __consumer_offsets-14 from NewPartition to OnlinePartition with state LeaderAndIsr(leader=0, leaderEpoch=0, isrWithBrokerEpoch=List(BrokerState(brokerId=0, brokerEpoch=-1)), leaderRecoveryState=RECOVERED, partitionEpoch=0) (state.change.logger)
[2023-12-18 06:31:52,316] INFO [Controller id=0 epoch=1] Changed partition __consumer_offsets-20 from NewPartition to OnlinePartition with state LeaderAndIsr(leader=0, leaderEpoch=0, isrWithBrokerEpoch=List(BrokerState(brokerId=0, brokerEpoch=-1)), leaderRecoveryState=RECOVERED, partitionEpoch=0) (state.change.logger)
[2023-12-18 06:31:52,316] INFO [Controller id=0 epoch=1] Changed partition __consumer_offsets-0 from NewPartition to OnlinePartition with state LeaderAndIsr(leader=0, leaderEpoch=0, isrWithBrokerEpoch=List(BrokerState(brokerId=0, brokerEpoch=-1)), leaderRecoveryState=RECOVERED, partitionEpoch=0) (state.change.logger)
[2023-12-18 06:31:52,316] INFO [Controller id=0 epoch=1] Changed partition __consumer_offsets-44 from NewPartition to OnlinePartition with state LeaderAndIsr(leader=0, leaderEpoch=0, isrWithBrokerEpoch=List(BrokerState(brokerId=0, brokerEpoch=-1)), leaderRecoveryState=RECOVERED, partitionEpoch=0) (state.change.logger)
[2023-12-18 06:31:52,316] INFO [Controller id=0 epoch=1] Changed partition __consumer_offsets-39 from NewPartition to OnlinePartition with state LeaderAndIsr(leader=0, leaderEpoch=0, isrWithBrokerEpoch=List(BrokerState(brokerId=0, brokerEpoch=-1)), leaderRecoveryState=RECOVERED, partitionEpoch=0) (state.change.logger)
[2023-12-18 06:31:52,316] INFO [Controller id=0 epoch=1] Changed partition __consumer_offsets-12 from NewPartition to OnlinePartition with state LeaderAndIsr(leader=0, leaderEpoch=0, isrWithBrokerEpoch=List(BrokerState(brokerId=0, brokerEpoch=-1)), leaderRecoveryState=RECOVERED, partitionEpoch=0) (state.change.logger)
[2023-12-18 06:31:52,316] INFO [Controller id=0 epoch=1] Changed partition __consumer_offsets-45 from NewPartition to OnlinePartition with state LeaderAndIsr(leader=0, leaderEpoch=0, isrWithBrokerEpoch=List(BrokerState(brokerId=0, brokerEpoch=-1)), leaderRecoveryState=RECOVERED, partitionEpoch=0) (state.change.logger)
[2023-12-18 06:31:52,316] INFO [Controller id=0 epoch=1] Changed partition __consumer_offsets-1 from NewPartition to OnlinePartition with state LeaderAndIsr(leader=0, leaderEpoch=0, isrWithBrokerEpoch=List(BrokerState(brokerId=0, brokerEpoch=-1)), leaderRecoveryState=RECOVERED, partitionEpoch=0) (state.change.logger)
[2023-12-18 06:31:52,316] INFO [Controller id=0 epoch=1] Changed partition __consumer_offsets-5 from NewPartition to OnlinePartition with state LeaderAndIsr(leader=0, leaderEpoch=0, isrWithBrokerEpoch=List(BrokerState(brokerId=0, brokerEpoch=-1)), leaderRecoveryState=RECOVERED, partitionEpoch=0) (state.change.logger)
[2023-12-18 06:31:52,316] INFO [Controller id=0 epoch=1] Changed partition __consumer_offsets-26 from NewPartition to OnlinePartition with state LeaderAndIsr(leader=0, leaderEpoch=0, isrWithBrokerEpoch=List(BrokerState(brokerId=0, brokerEpoch=-1)), leaderRecoveryState=RECOVERED, partitionEpoch=0) (state.change.logger)
[2023-12-18 06:31:52,316] INFO [Controller id=0 epoch=1] Changed partition __consumer_offsets-29 from NewPartition to OnlinePartition with state LeaderAndIsr(leader=0, leaderEpoch=0, isrWithBrokerEpoch=List(BrokerState(brokerId=0, brokerEpoch=-1)), leaderRecoveryState=RECOVERED, partitionEpoch=0) (state.change.logger)
[2023-12-18 06:31:52,316] INFO [Controller id=0 epoch=1] Changed partition __consumer_offsets-34 from NewPartition to OnlinePartition with state LeaderAndIsr(leader=0, leaderEpoch=0, isrWithBrokerEpoch=List(BrokerState(brokerId=0, brokerEpoch=-1)), leaderRecoveryState=RECOVERED, partitionEpoch=0) (state.change.logger)
[2023-12-18 06:31:52,316] INFO [Controller id=0 epoch=1] Changed partition __consumer_offsets-10 from NewPartition to OnlinePartition with state LeaderAndIsr(leader=0, leaderEpoch=0, isrWithBrokerEpoch=List(BrokerState(brokerId=0, brokerEpoch=-1)), leaderRecoveryState=RECOVERED, partitionEpoch=0) (state.change.logger)
[2023-12-18 06:31:52,316] INFO [Controller id=0 epoch=1] Changed partition __consumer_offsets-32 from NewPartition to OnlinePartition with state LeaderAndIsr(leader=0, leaderEpoch=0, isrWithBrokerEpoch=List(BrokerState(brokerId=0, brokerEpoch=-1)), leaderRecoveryState=RECOVERED, partitionEpoch=0) (state.change.logger)
[2023-12-18 06:31:52,316] INFO [Controller id=0 epoch=1] Changed partition __consumer_offsets-40 from NewPartition to OnlinePartition with state LeaderAndIsr(leader=0, leaderEpoch=0, isrWithBrokerEpoch=List(BrokerState(brokerId=0, brokerEpoch=-1)), leaderRecoveryState=RECOVERED, partitionEpoch=0) (state.change.logger)
[2023-12-18 06:31:52,316] INFO [Controller id=0 epoch=1] Sending LeaderAndIsr request to broker 0 with 50 become-leader and 0 become-follower partitions (state.change.logger)
[2023-12-18 06:31:52,317] INFO [Controller id=0 epoch=1] Sending UpdateMetadata request to brokers HashSet(0) for 50 partitions (state.change.logger)
[2023-12-18 06:31:52,317] INFO [Controller id=0 epoch=1] Sending UpdateMetadata request to brokers HashSet() for 0 partitions (state.change.logger)
[2023-12-18 06:31:52,318] INFO [Broker id=0] Handling LeaderAndIsr request correlationId 3 from controller 0 for 50 partitions (state.change.logger)
[2023-12-18 06:31:52,331] INFO [Broker id=0] Stopped fetchers as part of LeaderAndIsr request correlationId 3 from controller 0 epoch 1 as part of the become-leader transition for 50 partitions (state.change.logger)
[2023-12-18 06:31:52,355] INFO [Broker id=0] Leader __consumer_offsets-3 with topic id Some(dbJAHAb2QG-hr6ARCXVVVA) starts at leader epoch 0 from offset 0 with partition epoch 0, high watermark 0, ISR [0], adding replicas [] and removing replicas [] . Previous leader None and previous leader epoch was -1. (state.change.logger)
[2023-12-18 06:31:52,367] INFO [Broker id=0] Leader __consumer_offsets-18 with topic id Some(dbJAHAb2QG-hr6ARCXVVVA) starts at leader epoch 0 from offset 0 with partition epoch 0, high watermark 0, ISR [0], adding replicas [] and removing replicas [] . Previous leader None and previous leader epoch was -1. (state.change.logger)
[2023-12-18 06:31:52,383] INFO [Broker id=0] Leader __consumer_offsets-41 with topic id Some(dbJAHAb2QG-hr6ARCXVVVA) starts at leader epoch 0 from offset 0 with partition epoch 0, high watermark 0, ISR [0], adding replicas [] and removing replicas [] . Previous leader None and previous leader epoch was -1. (state.change.logger)
[2023-12-18 06:31:52,397] INFO [Broker id=0] Leader __consumer_offsets-10 with topic id Some(dbJAHAb2QG-hr6ARCXVVVA) starts at leader epoch 0 from offset 0 with partition epoch 0, high watermark 0, ISR [0], adding replicas [] and removing replicas [] . Previous leader None and previous leader epoch was -1. (state.change.logger)
[2023-12-18 06:31:52,408] INFO [Broker id=0] Leader __consumer_offsets-33 with topic id Some(dbJAHAb2QG-hr6ARCXVVVA) starts at leader epoch 0 from offset 0 with partition epoch 0, high watermark 0, ISR [0], adding replicas [] and removing replicas [] . Previous leader None and previous leader epoch was -1. (state.change.logger)
[2023-12-18 06:31:52,421] INFO [Broker id=0] Leader __consumer_offsets-48 with topic id Some(dbJAHAb2QG-hr6ARCXVVVA) starts at leader epoch 0 from offset 0 with partition epoch 0, high watermark 0, ISR [0], adding replicas [] and removing replicas [] . Previous leader None and previous leader epoch was -1. (state.change.logger)
[2023-12-18 06:31:52,433] INFO [Broker id=0] Leader __consumer_offsets-19 with topic id Some(dbJAHAb2QG-hr6ARCXVVVA) starts at leader epoch 0 from offset 0 with partition epoch 0, high watermark 0, ISR [0], adding replicas [] and removing replicas [] . Previous leader None and previous leader epoch was -1. (state.change.logger)
[2023-12-18 06:31:52,447] INFO [Broker id=0] Leader __consumer_offsets-34 with topic id Some(dbJAHAb2QG-hr6ARCXVVVA) starts at leader epoch 0 from offset 0 with partition epoch 0, high watermark 0, ISR [0], adding replicas [] and removing replicas [] . Previous leader None and previous leader epoch was -1. (state.change.logger)
[2023-12-18 06:31:52,458] INFO [Broker id=0] Leader __consumer_offsets-4 with topic id Some(dbJAHAb2QG-hr6ARCXVVVA) starts at leader epoch 0 from offset 0 with partition epoch 0, high watermark 0, ISR [0], adding replicas [] and removing replicas [] . Previous leader None and previous leader epoch was -1. (state.change.logger)
[2023-12-18 06:31:52,471] INFO [Broker id=0] Leader __consumer_offsets-11 with topic id Some(dbJAHAb2QG-hr6ARCXVVVA) starts at leader epoch 0 from offset 0 with partition epoch 0, high watermark 0, ISR [0], adding replicas [] and removing replicas [] . Previous leader None and previous leader epoch was -1. (state.change.logger)
[2023-12-18 06:31:52,484] INFO [Broker id=0] Leader __consumer_offsets-26 with topic id Some(dbJAHAb2QG-hr6ARCXVVVA) starts at leader epoch 0 from offset 0 with partition epoch 0, high watermark 0, ISR [0], adding replicas [] and removing replicas [] . Previous leader None and previous leader epoch was -1. (state.change.logger)
[2023-12-18 06:31:52,497] INFO [Broker id=0] Leader __consumer_offsets-49 with topic id Some(dbJAHAb2QG-hr6ARCXVVVA) starts at leader epoch 0 from offset 0 with partition epoch 0, high watermark 0, ISR [0], adding replicas [] and removing replicas [] . Previous leader None and previous leader epoch was -1. (state.change.logger)
[2023-12-18 06:31:52,509] INFO [Broker id=0] Leader __consumer_offsets-39 with topic id Some(dbJAHAb2QG-hr6ARCXVVVA) starts at leader epoch 0 from offset 0 with partition epoch 0, high watermark 0, ISR [0], adding replicas [] and removing replicas [] . Previous leader None and previous leader epoch was -1. (state.change.logger)
[2023-12-18 06:31:52,520] INFO [Broker id=0] Leader __consumer_offsets-9 with topic id Some(dbJAHAb2QG-hr6ARCXVVVA) starts at leader epoch 0 from offset 0 with partition epoch 0, high watermark 0, ISR [0], adding replicas [] and removing replicas [] . Previous leader None and previous leader epoch was -1. (state.change.logger)
[2023-12-18 06:31:52,531] INFO [Broker id=0] Leader __consumer_offsets-24 with topic id Some(dbJAHAb2QG-hr6ARCXVVVA) starts at leader epoch 0 from offset 0 with partition epoch 0, high watermark 0, ISR [0], adding replicas [] and removing replicas [] . Previous leader None and previous leader epoch was -1. (state.change.logger)
[2023-12-18 06:31:52,542] INFO [Broker id=0] Leader __consumer_offsets-31 with topic id Some(dbJAHAb2QG-hr6ARCXVVVA) starts at leader epoch 0 from offset 0 with partition epoch 0, high watermark 0, ISR [0], adding replicas [] and removing replicas [] . Previous leader None and previous leader epoch was -1. (state.change.logger)
[2023-12-18 06:31:52,553] INFO [Broker id=0] Leader __consumer_offsets-46 with topic id Some(dbJAHAb2QG-hr6ARCXVVVA) starts at leader epoch 0 from offset 0 with partition epoch 0, high watermark 0, ISR [0], adding replicas [] and removing replicas [] . Previous leader None and previous leader epoch was -1. (state.change.logger)
[2023-12-18 06:31:52,566] INFO [Broker id=0] Leader __consumer_offsets-1 with topic id Some(dbJAHAb2QG-hr6ARCXVVVA) starts at leader epoch 0 from offset 0 with partition epoch 0, high watermark 0, ISR [0], adding replicas [] and removing replicas [] . Previous leader None and previous leader epoch was -1. (state.change.logger)
[2023-12-18 06:31:52,579] INFO [Broker id=0] Leader __consumer_offsets-16 with topic id Some(dbJAHAb2QG-hr6ARCXVVVA) starts at leader epoch 0 from offset 0 with partition epoch 0, high watermark 0, ISR [0], adding replicas [] and removing replicas [] . Previous leader None and previous leader epoch was -1. (state.change.logger)
[2023-12-18 06:31:52,591] INFO [Broker id=0] Leader __consumer_offsets-2 with topic id Some(dbJAHAb2QG-hr6ARCXVVVA) starts at leader epoch 0 from offset 0 with partition epoch 0, high watermark 0, ISR [0], adding replicas [] and removing replicas [] . Previous leader None and previous leader epoch was -1. (state.change.logger)
[2023-12-18 06:31:52,606] INFO [Broker id=0] Leader __consumer_offsets-25 with topic id Some(dbJAHAb2QG-hr6ARCXVVVA) starts at leader epoch 0 from offset 0 with partition epoch 0, high watermark 0, ISR [0], adding replicas [] and removing replicas [] . Previous leader None and previous leader epoch was -1. (state.change.logger)
[2023-12-18 06:31:52,619] INFO [Broker id=0] Leader __consumer_offsets-40 with topic id Some(dbJAHAb2QG-hr6ARCXVVVA) starts at leader epoch 0 from offset 0 with partition epoch 0, high watermark 0, ISR [0], adding replicas [] and removing replicas [] . Previous leader None and previous leader epoch was -1. (state.change.logger)
[2023-12-18 06:31:52,633] INFO [Broker id=0] Leader __consumer_offsets-47 with topic id Some(dbJAHAb2QG-hr6ARCXVVVA) starts at leader epoch 0 from offset 0 with partition epoch 0, high watermark 0, ISR [0], adding replicas [] and removing replicas [] . Previous leader None and previous leader epoch was -1. (state.change.logger)
[2023-12-18 06:31:52,644] INFO [Broker id=0] Leader __consumer_offsets-17 with topic id Some(dbJAHAb2QG-hr6ARCXVVVA) starts at leader epoch 0 from offset 0 with partition epoch 0, high watermark 0, ISR [0], adding replicas [] and removing replicas [] . Previous leader None and previous leader epoch was -1. (state.change.logger)
[2023-12-18 06:31:52,658] INFO [Broker id=0] Leader __consumer_offsets-32 with topic id Some(dbJAHAb2QG-hr6ARCXVVVA) starts at leader epoch 0 from offset 0 with partition epoch 0, high watermark 0, ISR [0], adding replicas [] and removing replicas [] . Previous leader None and previous leader epoch was -1. (state.change.logger)
[2023-12-18 06:31:52,674] INFO [Broker id=0] Leader __consumer_offsets-37 with topic id Some(dbJAHAb2QG-hr6ARCXVVVA) starts at leader epoch 0 from offset 0 with partition epoch 0, high watermark 0, ISR [0], adding replicas [] and removing replicas [] . Previous leader None and previous leader epoch was -1. (state.change.logger)
[2023-12-18 06:31:52,699] INFO [Broker id=0] Leader __consumer_offsets-7 with topic id Some(dbJAHAb2QG-hr6ARCXVVVA) starts at leader epoch 0 from offset 0 with partition epoch 0, high watermark 0, ISR [0], adding replicas [] and removing replicas [] . Previous leader None and previous leader epoch was -1. (state.change.logger)
[2023-12-18 06:31:52,716] INFO [Broker id=0] Leader __consumer_offsets-22 with topic id Some(dbJAHAb2QG-hr6ARCXVVVA) starts at leader epoch 0 from offset 0 with partition epoch 0, high watermark 0, ISR [0], adding replicas [] and removing replicas [] . Previous leader None and previous leader epoch was -1. (state.change.logger)
[2023-12-18 06:31:52,729] INFO [Broker id=0] Leader __consumer_offsets-29 with topic id Some(dbJAHAb2QG-hr6ARCXVVVA) starts at leader epoch 0 from offset 0 with partition epoch 0, high watermark 0, ISR [0], adding replicas [] and removing replicas [] . Previous leader None and previous leader epoch was -1. (state.change.logger)
[2023-12-18 06:31:52,740] INFO [Broker id=0] Leader __consumer_offsets-44 with topic id Some(dbJAHAb2QG-hr6ARCXVVVA) starts at leader epoch 0 from offset 0 with partition epoch 0, high watermark 0, ISR [0], adding replicas [] and removing replicas [] . Previous leader None and previous leader epoch was -1. (state.change.logger)
[2023-12-18 06:31:52,753] INFO [Broker id=0] Leader __consumer_offsets-14 with topic id Some(dbJAHAb2QG-hr6ARCXVVVA) starts at leader epoch 0 from offset 0 with partition epoch 0, high watermark 0, ISR [0], adding replicas [] and removing replicas [] . Previous leader None and previous leader epoch was -1. (state.change.logger)
[2023-12-18 06:31:52,767] INFO [Broker id=0] Leader __consumer_offsets-23 with topic id Some(dbJAHAb2QG-hr6ARCXVVVA) starts at leader epoch 0 from offset 0 with partition epoch 0, high watermark 0, ISR [0], adding replicas [] and removing replicas [] . Previous leader None and previous leader epoch was -1. (state.change.logger)
[2023-12-18 06:31:52,781] INFO [Broker id=0] Leader __consumer_offsets-38 with topic id Some(dbJAHAb2QG-hr6ARCXVVVA) starts at leader epoch 0 from offset 0 with partition epoch 0, high watermark 0, ISR [0], adding replicas [] and removing replicas [] . Previous leader None and previous leader epoch was -1. (state.change.logger)
[2023-12-18 06:31:52,793] INFO [Broker id=0] Leader __consumer_offsets-8 with topic id Some(dbJAHAb2QG-hr6ARCXVVVA) starts at leader epoch 0 from offset 0 with partition epoch 0, high watermark 0, ISR [0], adding replicas [] and removing replicas [] . Previous leader None and previous leader epoch was -1. (state.change.logger)
[2023-12-18 06:31:52,806] INFO [Broker id=0] Leader __consumer_offsets-45 with topic id Some(dbJAHAb2QG-hr6ARCXVVVA) starts at leader epoch 0 from offset 0 with partition epoch 0, high watermark 0, ISR [0], adding replicas [] and removing replicas [] . Previous leader None and previous leader epoch was -1. (state.change.logger)
[2023-12-18 06:31:52,820] INFO [Broker id=0] Leader __consumer_offsets-15 with topic id Some(dbJAHAb2QG-hr6ARCXVVVA) starts at leader epoch 0 from offset 0 with partition epoch 0, high watermark 0, ISR [0], adding replicas [] and removing replicas [] . Previous leader None and previous leader epoch was -1. (state.change.logger)
[2023-12-18 06:31:52,836] INFO [Broker id=0] Leader __consumer_offsets-30 with topic id Some(dbJAHAb2QG-hr6ARCXVVVA) starts at leader epoch 0 from offset 0 with partition epoch 0, high watermark 0, ISR [0], adding replicas [] and removing replicas [] . Previous leader None and previous leader epoch was -1. (state.change.logger)
[2023-12-18 06:31:52,849] INFO [Broker id=0] Leader __consumer_offsets-0 with topic id Some(dbJAHAb2QG-hr6ARCXVVVA) starts at leader epoch 0 from offset 0 with partition epoch 0, high watermark 0, ISR [0], adding replicas [] and removing replicas [] . Previous leader None and previous leader epoch was -1. (state.change.logger)
[2023-12-18 06:31:52,860] INFO [Broker id=0] Leader __consumer_offsets-35 with topic id Some(dbJAHAb2QG-hr6ARCXVVVA) starts at leader epoch 0 from offset 0 with partition epoch 0, high watermark 0, ISR [0], adding replicas [] and removing replicas [] . Previous leader None and previous leader epoch was -1. (state.change.logger)
[2023-12-18 06:31:52,872] INFO [Broker id=0] Leader __consumer_offsets-5 with topic id Some(dbJAHAb2QG-hr6ARCXVVVA) starts at leader epoch 0 from offset 0 with partition epoch 0, high watermark 0, ISR [0], adding replicas [] and removing replicas [] . Previous leader None and previous leader epoch was -1. (state.change.logger)
[2023-12-18 06:31:52,886] INFO [Broker id=0] Leader __consumer_offsets-20 with topic id Some(dbJAHAb2QG-hr6ARCXVVVA) starts at leader epoch 0 from offset 0 with partition epoch 0, high watermark 0, ISR [0], adding replicas [] and removing replicas [] . Previous leader None and previous leader epoch was -1. (state.change.logger)
[2023-12-18 06:31:52,898] INFO [Broker id=0] Leader __consumer_offsets-27 with topic id Some(dbJAHAb2QG-hr6ARCXVVVA) starts at leader epoch 0 from offset 0 with partition epoch 0, high watermark 0, ISR [0], adding replicas [] and removing replicas [] . Previous leader None and previous leader epoch was -1. (state.change.logger)
[2023-12-18 06:31:52,909] INFO [Broker id=0] Leader __consumer_offsets-42 with topic id Some(dbJAHAb2QG-hr6ARCXVVVA) starts at leader epoch 0 from offset 0 with partition epoch 0, high watermark 0, ISR [0], adding replicas [] and removing replicas [] . Previous leader None and previous leader epoch was -1. (state.change.logger)
[2023-12-18 06:31:52,920] INFO [Broker id=0] Leader __consumer_offsets-12 with topic id Some(dbJAHAb2QG-hr6ARCXVVVA) starts at leader epoch 0 from offset 0 with partition epoch 0, high watermark 0, ISR [0], adding replicas [] and removing replicas [] . Previous leader None and previous leader epoch was -1. (state.change.logger)
[2023-12-18 06:31:52,935] INFO [Broker id=0] Leader __consumer_offsets-21 with topic id Some(dbJAHAb2QG-hr6ARCXVVVA) starts at leader epoch 0 from offset 0 with partition epoch 0, high watermark 0, ISR [0], adding replicas [] and removing replicas [] . Previous leader None and previous leader epoch was -1. (state.change.logger)
[2023-12-18 06:31:52,947] INFO [Broker id=0] Leader __consumer_offsets-36 with topic id Some(dbJAHAb2QG-hr6ARCXVVVA) starts at leader epoch 0 from offset 0 with partition epoch 0, high watermark 0, ISR [0], adding replicas [] and removing replicas [] . Previous leader None and previous leader epoch was -1. (state.change.logger)
[2023-12-18 06:31:52,960] INFO [Broker id=0] Leader __consumer_offsets-6 with topic id Some(dbJAHAb2QG-hr6ARCXVVVA) starts at leader epoch 0 from offset 0 with partition epoch 0, high watermark 0, ISR [0], adding replicas [] and removing replicas [] . Previous leader None and previous leader epoch was -1. (state.change.logger)
[2023-12-18 06:31:52,973] INFO [Broker id=0] Leader __consumer_offsets-43 with topic id Some(dbJAHAb2QG-hr6ARCXVVVA) starts at leader epoch 0 from offset 0 with partition epoch 0, high watermark 0, ISR [0], adding replicas [] and removing replicas [] . Previous leader None and previous leader epoch was -1. (state.change.logger)
[2023-12-18 06:31:52,988] INFO [Broker id=0] Leader __consumer_offsets-13 with topic id Some(dbJAHAb2QG-hr6ARCXVVVA) starts at leader epoch 0 from offset 0 with partition epoch 0, high watermark 0, ISR [0], adding replicas [] and removing replicas [] . Previous leader None and previous leader epoch was -1. (state.change.logger)
[2023-12-18 06:31:53,003] INFO [Broker id=0] Leader __consumer_offsets-28 with topic id Some(dbJAHAb2QG-hr6ARCXVVVA) starts at leader epoch 0 from offset 0 with partition epoch 0, high watermark 0, ISR [0], adding replicas [] and removing replicas [] . Previous leader None and previous leader epoch was -1. (state.change.logger)
[2023-12-18 06:31:53,013] INFO [Broker id=0] Finished LeaderAndIsr request in 695ms correlationId 3 from controller 0 for 50 partitions (state.change.logger)
[2023-12-18 06:31:53,015] INFO [Broker id=0] Add 50 partitions and deleted 0 partitions from metadata cache in response to UpdateMetadata request sent by controller 0 epoch 1 with correlation id 4 (state.change.logger)
[2023-12-18 06:40:09,377] INFO [Controller id=0 epoch=1] Sending UpdateMetadata request to brokers HashSet() for 0 partitions (state.change.logger)
[2023-12-18 07:01:58,657] INFO [Controller id=0 epoch=2] Sending UpdateMetadata request to brokers HashSet(0) for 0 partitions (state.change.logger)
[2023-12-18 07:01:58,742] INFO [Controller id=0 epoch=2] Sending LeaderAndIsr request to broker 0 with 51 become-leader and 0 become-follower partitions (state.change.logger)
[2023-12-18 07:01:58,749] INFO [Controller id=0 epoch=2] Sending UpdateMetadata request to brokers HashSet(0) for 51 partitions (state.change.logger)
[2023-12-18 07:01:59,195] INFO [Broker id=0] Handling LeaderAndIsr request correlationId 1 from controller 0 for 51 partitions (state.change.logger)
[2023-12-18 07:01:59,224] INFO [Broker id=0] Stopped fetchers as part of LeaderAndIsr request correlationId 1 from controller 0 epoch 2 as part of the become-leader transition for 51 partitions (state.change.logger)
[2023-12-18 07:01:59,248] INFO [Broker id=0] Leader __consumer_offsets-3 with topic id Some(dbJAHAb2QG-hr6ARCXVVVA) starts at leader epoch 0 from offset 0 with partition epoch 0, high watermark 0, ISR [0], adding replicas [] and removing replicas [] . Previous leader None and previous leader epoch was -1. (state.change.logger)
[2023-12-18 07:01:59,255] INFO [Broker id=0] Leader __consumer_offsets-18 with topic id Some(dbJAHAb2QG-hr6ARCXVVVA) starts at leader epoch 0 from offset 0 with partition epoch 0, high watermark 0, ISR [0], adding replicas [] and removing replicas [] . Previous leader None and previous leader epoch was -1. (state.change.logger)
[2023-12-18 07:01:59,261] INFO [Broker id=0] Leader __consumer_offsets-41 with topic id Some(dbJAHAb2QG-hr6ARCXVVVA) starts at leader epoch 0 from offset 0 with partition epoch 0, high watermark 0, ISR [0], adding replicas [] and removing replicas [] . Previous leader None and previous leader epoch was -1. (state.change.logger)
[2023-12-18 07:01:59,264] INFO [Broker id=0] Leader __consumer_offsets-10 with topic id Some(dbJAHAb2QG-hr6ARCXVVVA) starts at leader epoch 0 from offset 0 with partition epoch 0, high watermark 0, ISR [0], adding replicas [] and removing replicas [] . Previous leader None and previous leader epoch was -1. (state.change.logger)
[2023-12-18 07:01:59,268] INFO [Broker id=0] Leader __consumer_offsets-33 with topic id Some(dbJAHAb2QG-hr6ARCXVVVA) starts at leader epoch 0 from offset 0 with partition epoch 0, high watermark 0, ISR [0], adding replicas [] and removing replicas [] . Previous leader None and previous leader epoch was -1. (state.change.logger)
[2023-12-18 07:01:59,271] INFO [Broker id=0] Leader __consumer_offsets-48 with topic id Some(dbJAHAb2QG-hr6ARCXVVVA) starts at leader epoch 0 from offset 0 with partition epoch 0, high watermark 0, ISR [0], adding replicas [] and removing replicas [] . Previous leader None and previous leader epoch was -1. (state.change.logger)
[2023-12-18 07:01:59,275] INFO [Broker id=0] Leader __consumer_offsets-19 with topic id Some(dbJAHAb2QG-hr6ARCXVVVA) starts at leader epoch 0 from offset 0 with partition epoch 0, high watermark 0, ISR [0], adding replicas [] and removing replicas [] . Previous leader None and previous leader epoch was -1. (state.change.logger)
[2023-12-18 07:01:59,280] INFO [Broker id=0] Leader __consumer_offsets-34 with topic id Some(dbJAHAb2QG-hr6ARCXVVVA) starts at leader epoch 0 from offset 0 with partition epoch 0, high watermark 0, ISR [0], adding replicas [] and removing replicas [] . Previous leader None and previous leader epoch was -1. (state.change.logger)
[2023-12-18 07:01:59,283] INFO [Broker id=0] Leader __consumer_offsets-4 with topic id Some(dbJAHAb2QG-hr6ARCXVVVA) starts at leader epoch 0 from offset 0 with partition epoch 0, high watermark 0, ISR [0], adding replicas [] and removing replicas [] . Previous leader None and previous leader epoch was -1. (state.change.logger)
[2023-12-18 07:01:59,286] INFO [Broker id=0] Leader __consumer_offsets-11 with topic id Some(dbJAHAb2QG-hr6ARCXVVVA) starts at leader epoch 0 from offset 0 with partition epoch 0, high watermark 0, ISR [0], adding replicas [] and removing replicas [] . Previous leader None and previous leader epoch was -1. (state.change.logger)
[2023-12-18 07:01:59,289] INFO [Broker id=0] Leader __consumer_offsets-26 with topic id Some(dbJAHAb2QG-hr6ARCXVVVA) starts at leader epoch 0 from offset 0 with partition epoch 0, high watermark 0, ISR [0], adding replicas [] and removing replicas [] . Previous leader None and previous leader epoch was -1. (state.change.logger)
[2023-12-18 07:01:59,293] INFO [Broker id=0] Leader __consumer_offsets-49 with topic id Some(dbJAHAb2QG-hr6ARCXVVVA) starts at leader epoch 0 from offset 0 with partition epoch 0, high watermark 0, ISR [0], adding replicas [] and removing replicas [] . Previous leader None and previous leader epoch was -1. (state.change.logger)
[2023-12-18 07:01:59,298] INFO [Broker id=0] Leader __consumer_offsets-39 with topic id Some(dbJAHAb2QG-hr6ARCXVVVA) starts at leader epoch 0 from offset 0 with partition epoch 0, high watermark 0, ISR [0], adding replicas [] and removing replicas [] . Previous leader None and previous leader epoch was -1. (state.change.logger)
[2023-12-18 07:01:59,301] INFO [Broker id=0] Leader __consumer_offsets-9 with topic id Some(dbJAHAb2QG-hr6ARCXVVVA) starts at leader epoch 0 from offset 0 with partition epoch 0, high watermark 0, ISR [0], adding replicas [] and removing replicas [] . Previous leader None and previous leader epoch was -1. (state.change.logger)
[2023-12-18 07:01:59,304] INFO [Broker id=0] Leader __consumer_offsets-24 with topic id Some(dbJAHAb2QG-hr6ARCXVVVA) starts at leader epoch 0 from offset 0 with partition epoch 0, high watermark 0, ISR [0], adding replicas [] and removing replicas [] . Previous leader None and previous leader epoch was -1. (state.change.logger)
[2023-12-18 07:01:59,307] INFO [Broker id=0] Leader __consumer_offsets-31 with topic id Some(dbJAHAb2QG-hr6ARCXVVVA) starts at leader epoch 0 from offset 0 with partition epoch 0, high watermark 0, ISR [0], adding replicas [] and removing replicas [] . Previous leader None and previous leader epoch was -1. (state.change.logger)
[2023-12-18 07:01:59,312] INFO [Broker id=0] Leader __consumer_offsets-46 with topic id Some(dbJAHAb2QG-hr6ARCXVVVA) starts at leader epoch 0 from offset 0 with partition epoch 0, high watermark 0, ISR [0], adding replicas [] and removing replicas [] . Previous leader None and previous leader epoch was -1. (state.change.logger)
[2023-12-18 07:01:59,316] INFO [Broker id=0] Leader __consumer_offsets-1 with topic id Some(dbJAHAb2QG-hr6ARCXVVVA) starts at leader epoch 0 from offset 0 with partition epoch 0, high watermark 0, ISR [0], adding replicas [] and removing replicas [] . Previous leader None and previous leader epoch was -1. (state.change.logger)
[2023-12-18 07:01:59,320] INFO [Broker id=0] Leader __consumer_offsets-16 with topic id Some(dbJAHAb2QG-hr6ARCXVVVA) starts at leader epoch 0 from offset 0 with partition epoch 0, high watermark 0, ISR [0], adding replicas [] and removing replicas [] . Previous leader None and previous leader epoch was -1. (state.change.logger)
[2023-12-18 07:01:59,324] INFO [Broker id=0] Leader __consumer_offsets-2 with topic id Some(dbJAHAb2QG-hr6ARCXVVVA) starts at leader epoch 0 from offset 0 with partition epoch 0, high watermark 0, ISR [0], adding replicas [] and removing replicas [] . Previous leader None and previous leader epoch was -1. (state.change.logger)
[2023-12-18 07:01:59,327] INFO [Broker id=0] Leader TRSIS7-0 with topic id Some(NH7GMSKGR4yl1g0evzt5dA) starts at leader epoch 0 from offset 0 with partition epoch 0, high watermark 0, ISR [0], adding replicas [] and removing replicas [] . Previous leader None and previous leader epoch was -1. (state.change.logger)
[2023-12-18 07:01:59,331] INFO [Broker id=0] Leader __consumer_offsets-25 with topic id Some(dbJAHAb2QG-hr6ARCXVVVA) starts at leader epoch 0 from offset 0 with partition epoch 0, high watermark 0, ISR [0], adding replicas [] and removing replicas [] . Previous leader None and previous leader epoch was -1. (state.change.logger)
[2023-12-18 07:01:59,335] INFO [Broker id=0] Leader __consumer_offsets-40 with topic id Some(dbJAHAb2QG-hr6ARCXVVVA) starts at leader epoch 0 from offset 2 with partition epoch 0, high watermark 2, ISR [0], adding replicas [] and removing replicas [] . Previous leader None and previous leader epoch was -1. (state.change.logger)
[2023-12-18 07:01:59,335] INFO [Broker id=0] Leader __consumer_offsets-47 with topic id Some(dbJAHAb2QG-hr6ARCXVVVA) starts at leader epoch 0 from offset 0 with partition epoch 0, high watermark 0, ISR [0], adding replicas [] and removing replicas [] . Previous leader None and previous leader epoch was -1. (state.change.logger)
[2023-12-18 07:01:59,340] INFO [Broker id=0] Leader __consumer_offsets-17 with topic id Some(dbJAHAb2QG-hr6ARCXVVVA) starts at leader epoch 0 from offset 0 with partition epoch 0, high watermark 0, ISR [0], adding replicas [] and removing replicas [] . Previous leader None and previous leader epoch was -1. (state.change.logger)
[2023-12-18 07:01:59,346] INFO [Broker id=0] Leader __consumer_offsets-32 with topic id Some(dbJAHAb2QG-hr6ARCXVVVA) starts at leader epoch 0 from offset 0 with partition epoch 0, high watermark 0, ISR [0], adding replicas [] and removing replicas [] . Previous leader None and previous leader epoch was -1. (state.change.logger)
[2023-12-18 07:01:59,349] INFO [Broker id=0] Leader __consumer_offsets-37 with topic id Some(dbJAHAb2QG-hr6ARCXVVVA) starts at leader epoch 0 from offset 0 with partition epoch 0, high watermark 0, ISR [0], adding replicas [] and removing replicas [] . Previous leader None and previous leader epoch was -1. (state.change.logger)
[2023-12-18 07:01:59,353] INFO [Broker id=0] Leader __consumer_offsets-7 with topic id Some(dbJAHAb2QG-hr6ARCXVVVA) starts at leader epoch 0 from offset 0 with partition epoch 0, high watermark 0, ISR [0], adding replicas [] and removing replicas [] . Previous leader None and previous leader epoch was -1. (state.change.logger)
[2023-12-18 07:01:59,355] INFO [Broker id=0] Leader __consumer_offsets-22 with topic id Some(dbJAHAb2QG-hr6ARCXVVVA) starts at leader epoch 0 from offset 0 with partition epoch 0, high watermark 0, ISR [0], adding replicas [] and removing replicas [] . Previous leader None and previous leader epoch was -1. (state.change.logger)
[2023-12-18 07:01:59,362] INFO [Broker id=0] Leader __consumer_offsets-29 with topic id Some(dbJAHAb2QG-hr6ARCXVVVA) starts at leader epoch 0 from offset 0 with partition epoch 0, high watermark 0, ISR [0], adding replicas [] and removing replicas [] . Previous leader None and previous leader epoch was -1. (state.change.logger)
[2023-12-18 07:01:59,366] INFO [Broker id=0] Leader __consumer_offsets-44 with topic id Some(dbJAHAb2QG-hr6ARCXVVVA) starts at leader epoch 0 from offset 0 with partition epoch 0, high watermark 0, ISR [0], adding replicas [] and removing replicas [] . Previous leader None and previous leader epoch was -1. (state.change.logger)
[2023-12-18 07:01:59,371] INFO [Broker id=0] Leader __consumer_offsets-14 with topic id Some(dbJAHAb2QG-hr6ARCXVVVA) starts at leader epoch 0 from offset 0 with partition epoch 0, high watermark 0, ISR [0], adding replicas [] and removing replicas [] . Previous leader None and previous leader epoch was -1. (state.change.logger)
[2023-12-18 07:01:59,374] INFO [Broker id=0] Leader __consumer_offsets-23 with topic id Some(dbJAHAb2QG-hr6ARCXVVVA) starts at leader epoch 0 from offset 0 with partition epoch 0, high watermark 0, ISR [0], adding replicas [] and removing replicas [] . Previous leader None and previous leader epoch was -1. (state.change.logger)
[2023-12-18 07:01:59,379] INFO [Broker id=0] Leader __consumer_offsets-38 with topic id Some(dbJAHAb2QG-hr6ARCXVVVA) starts at leader epoch 0 from offset 0 with partition epoch 0, high watermark 0, ISR [0], adding replicas [] and removing replicas [] . Previous leader None and previous leader epoch was -1. (state.change.logger)
[2023-12-18 07:01:59,382] INFO [Broker id=0] Leader __consumer_offsets-8 with topic id Some(dbJAHAb2QG-hr6ARCXVVVA) starts at leader epoch 0 from offset 0 with partition epoch 0, high watermark 0, ISR [0], adding replicas [] and removing replicas [] . Previous leader None and previous leader epoch was -1. (state.change.logger)
[2023-12-18 07:01:59,386] INFO [Broker id=0] Leader __consumer_offsets-45 with topic id Some(dbJAHAb2QG-hr6ARCXVVVA) starts at leader epoch 0 from offset 0 with partition epoch 0, high watermark 0, ISR [0], adding replicas [] and removing replicas [] . Previous leader None and previous leader epoch was -1. (state.change.logger)
[2023-12-18 07:01:59,390] INFO [Broker id=0] Leader __consumer_offsets-15 with topic id Some(dbJAHAb2QG-hr6ARCXVVVA) starts at leader epoch 0 from offset 0 with partition epoch 0, high watermark 0, ISR [0], adding replicas [] and removing replicas [] . Previous leader None and previous leader epoch was -1. (state.change.logger)
[2023-12-18 07:01:59,393] INFO [Broker id=0] Leader __consumer_offsets-30 with topic id Some(dbJAHAb2QG-hr6ARCXVVVA) starts at leader epoch 0 from offset 0 with partition epoch 0, high watermark 0, ISR [0], adding replicas [] and removing replicas [] . Previous leader None and previous leader epoch was -1. (state.change.logger)
[2023-12-18 07:01:59,397] INFO [Broker id=0] Leader __consumer_offsets-0 with topic id Some(dbJAHAb2QG-hr6ARCXVVVA) starts at leader epoch 0 from offset 0 with partition epoch 0, high watermark 0, ISR [0], adding replicas [] and removing replicas [] . Previous leader None and previous leader epoch was -1. (state.change.logger)
[2023-12-18 07:01:59,401] INFO [Broker id=0] Leader __consumer_offsets-35 with topic id Some(dbJAHAb2QG-hr6ARCXVVVA) starts at leader epoch 0 from offset 0 with partition epoch 0, high watermark 0, ISR [0], adding replicas [] and removing replicas [] . Previous leader None and previous leader epoch was -1. (state.change.logger)
[2023-12-18 07:01:59,404] INFO [Broker id=0] Leader __consumer_offsets-5 with topic id Some(dbJAHAb2QG-hr6ARCXVVVA) starts at leader epoch 0 from offset 0 with partition epoch 0, high watermark 0, ISR [0], adding replicas [] and removing replicas [] . Previous leader None and previous leader epoch was -1. (state.change.logger)
[2023-12-18 07:01:59,408] INFO [Broker id=0] Leader __consumer_offsets-20 with topic id Some(dbJAHAb2QG-hr6ARCXVVVA) starts at leader epoch 0 from offset 0 with partition epoch 0, high watermark 0, ISR [0], adding replicas [] and removing replicas [] . Previous leader None and previous leader epoch was -1. (state.change.logger)
[2023-12-18 07:01:59,414] INFO [Broker id=0] Leader __consumer_offsets-27 with topic id Some(dbJAHAb2QG-hr6ARCXVVVA) starts at leader epoch 0 from offset 0 with partition epoch 0, high watermark 0, ISR [0], adding replicas [] and removing replicas [] . Previous leader None and previous leader epoch was -1. (state.change.logger)
[2023-12-18 07:01:59,418] INFO [Broker id=0] Leader __consumer_offsets-42 with topic id Some(dbJAHAb2QG-hr6ARCXVVVA) starts at leader epoch 0 from offset 0 with partition epoch 0, high watermark 0, ISR [0], adding replicas [] and removing replicas [] . Previous leader None and previous leader epoch was -1. (state.change.logger)
[2023-12-18 07:01:59,423] INFO [Broker id=0] Leader __consumer_offsets-12 with topic id Some(dbJAHAb2QG-hr6ARCXVVVA) starts at leader epoch 0 from offset 0 with partition epoch 0, high watermark 0, ISR [0], adding replicas [] and removing replicas [] . Previous leader None and previous leader epoch was -1. (state.change.logger)
[2023-12-18 07:01:59,426] INFO [Broker id=0] Leader __consumer_offsets-21 with topic id Some(dbJAHAb2QG-hr6ARCXVVVA) starts at leader epoch 0 from offset 0 with partition epoch 0, high watermark 0, ISR [0], adding replicas [] and removing replicas [] . Previous leader None and previous leader epoch was -1. (state.change.logger)
[2023-12-18 07:01:59,430] INFO [Broker id=0] Leader __consumer_offsets-36 with topic id Some(dbJAHAb2QG-hr6ARCXVVVA) starts at leader epoch 0 from offset 0 with partition epoch 0, high watermark 0, ISR [0], adding replicas [] and removing replicas [] . Previous leader None and previous leader epoch was -1. (state.change.logger)
[2023-12-18 07:01:59,434] INFO [Broker id=0] Leader __consumer_offsets-6 with topic id Some(dbJAHAb2QG-hr6ARCXVVVA) starts at leader epoch 0 from offset 0 with partition epoch 0, high watermark 0, ISR [0], adding replicas [] and removing replicas [] . Previous leader None and previous leader epoch was -1. (state.change.logger)
[2023-12-18 07:01:59,438] INFO [Broker id=0] Leader __consumer_offsets-43 with topic id Some(dbJAHAb2QG-hr6ARCXVVVA) starts at leader epoch 0 from offset 0 with partition epoch 0, high watermark 0, ISR [0], adding replicas [] and removing replicas [] . Previous leader None and previous leader epoch was -1. (state.change.logger)
[2023-12-18 07:01:59,442] INFO [Broker id=0] Leader __consumer_offsets-13 with topic id Some(dbJAHAb2QG-hr6ARCXVVVA) starts at leader epoch 0 from offset 0 with partition epoch 0, high watermark 0, ISR [0], adding replicas [] and removing replicas [] . Previous leader None and previous leader epoch was -1. (state.change.logger)
[2023-12-18 07:01:59,445] INFO [Broker id=0] Leader __consumer_offsets-28 with topic id Some(dbJAHAb2QG-hr6ARCXVVVA) starts at leader epoch 0 from offset 0 with partition epoch 0, high watermark 0, ISR [0], adding replicas [] and removing replicas [] . Previous leader None and previous leader epoch was -1. (state.change.logger)
[2023-12-18 07:01:59,463] INFO [Broker id=0] Finished LeaderAndIsr request in 268ms correlationId 1 from controller 0 for 51 partitions (state.change.logger)
[2023-12-18 07:01:59,483] INFO [Broker id=0] Add 51 partitions and deleted 0 partitions from metadata cache in response to UpdateMetadata request sent by controller 0 epoch 2 with correlation id 2 (state.change.logger)
[2023-12-18 07:09:11,543] INFO [Controller id=0 epoch=2] Sending UpdateMetadata request to brokers HashSet() for 0 partitions (state.change.logger)
[2023-12-18 07:25:20,366] INFO [Controller id=0 epoch=3] Sending UpdateMetadata request to brokers HashSet(0) for 0 partitions (state.change.logger)
[2023-12-18 07:25:20,411] INFO [Controller id=0 epoch=3] Sending LeaderAndIsr request to broker 0 with 51 become-leader and 0 become-follower partitions (state.change.logger)
[2023-12-18 07:25:20,414] INFO [Controller id=0 epoch=3] Sending UpdateMetadata request to brokers HashSet(0) for 51 partitions (state.change.logger)
[2023-12-18 07:25:20,955] INFO [Broker id=0] Handling LeaderAndIsr request correlationId 1 from controller 0 for 51 partitions (state.change.logger)
[2023-12-18 07:25:20,985] INFO [Broker id=0] Stopped fetchers as part of LeaderAndIsr request correlationId 1 from controller 0 epoch 3 as part of the become-leader transition for 51 partitions (state.change.logger)
[2023-12-18 07:25:21,001] INFO [Broker id=0] Leader __consumer_offsets-3 with topic id Some(dbJAHAb2QG-hr6ARCXVVVA) starts at leader epoch 0 from offset 0 with partition epoch 0, high watermark 0, ISR [0], adding replicas [] and removing replicas [] . Previous leader None and previous leader epoch was -1. (state.change.logger)
[2023-12-18 07:25:21,008] INFO [Broker id=0] Leader __consumer_offsets-18 with topic id Some(dbJAHAb2QG-hr6ARCXVVVA) starts at leader epoch 0 from offset 0 with partition epoch 0, high watermark 0, ISR [0], adding replicas [] and removing replicas [] . Previous leader None and previous leader epoch was -1. (state.change.logger)
[2023-12-18 07:25:21,011] INFO [Broker id=0] Leader __consumer_offsets-41 with topic id Some(dbJAHAb2QG-hr6ARCXVVVA) starts at leader epoch 0 from offset 0 with partition epoch 0, high watermark 0, ISR [0], adding replicas [] and removing replicas [] . Previous leader None and previous leader epoch was -1. (state.change.logger)
[2023-12-18 07:25:21,015] INFO [Broker id=0] Leader __consumer_offsets-10 with topic id Some(dbJAHAb2QG-hr6ARCXVVVA) starts at leader epoch 0 from offset 0 with partition epoch 0, high watermark 0, ISR [0], adding replicas [] and removing replicas [] . Previous leader None and previous leader epoch was -1. (state.change.logger)
[2023-12-18 07:25:21,021] INFO [Broker id=0] Leader __consumer_offsets-33 with topic id Some(dbJAHAb2QG-hr6ARCXVVVA) starts at leader epoch 0 from offset 0 with partition epoch 0, high watermark 0, ISR [0], adding replicas [] and removing replicas [] . Previous leader None and previous leader epoch was -1. (state.change.logger)
[2023-12-18 07:25:21,025] INFO [Broker id=0] Leader __consumer_offsets-48 with topic id Some(dbJAHAb2QG-hr6ARCXVVVA) starts at leader epoch 0 from offset 0 with partition epoch 0, high watermark 0, ISR [0], adding replicas [] and removing replicas [] . Previous leader None and previous leader epoch was -1. (state.change.logger)
[2023-12-18 07:25:21,030] INFO [Broker id=0] Leader __consumer_offsets-19 with topic id Some(dbJAHAb2QG-hr6ARCXVVVA) starts at leader epoch 0 from offset 0 with partition epoch 0, high watermark 0, ISR [0], adding replicas [] and removing replicas [] . Previous leader None and previous leader epoch was -1. (state.change.logger)
[2023-12-18 07:25:21,032] INFO [Broker id=0] Leader __consumer_offsets-34 with topic id Some(dbJAHAb2QG-hr6ARCXVVVA) starts at leader epoch 0 from offset 0 with partition epoch 0, high watermark 0, ISR [0], adding replicas [] and removing replicas [] . Previous leader None and previous leader epoch was -1. (state.change.logger)
[2023-12-18 07:25:21,036] INFO [Broker id=0] Leader __consumer_offsets-4 with topic id Some(dbJAHAb2QG-hr6ARCXVVVA) starts at leader epoch 0 from offset 0 with partition epoch 0, high watermark 0, ISR [0], adding replicas [] and removing replicas [] . Previous leader None and previous leader epoch was -1. (state.change.logger)
[2023-12-18 07:25:21,039] INFO [Broker id=0] Leader __consumer_offsets-11 with topic id Some(dbJAHAb2QG-hr6ARCXVVVA) starts at leader epoch 0 from offset 0 with partition epoch 0, high watermark 0, ISR [0], adding replicas [] and removing replicas [] . Previous leader None and previous leader epoch was -1. (state.change.logger)
[2023-12-18 07:25:21,043] INFO [Broker id=0] Leader __consumer_offsets-26 with topic id Some(dbJAHAb2QG-hr6ARCXVVVA) starts at leader epoch 0 from offset 0 with partition epoch 0, high watermark 0, ISR [0], adding replicas [] and removing replicas [] . Previous leader None and previous leader epoch was -1. (state.change.logger)
[2023-12-18 07:25:21,046] INFO [Broker id=0] Leader __consumer_offsets-49 with topic id Some(dbJAHAb2QG-hr6ARCXVVVA) starts at leader epoch 0 from offset 0 with partition epoch 0, high watermark 0, ISR [0], adding replicas [] and removing replicas [] . Previous leader None and previous leader epoch was -1. (state.change.logger)
[2023-12-18 07:25:21,050] INFO [Broker id=0] Leader __consumer_offsets-39 with topic id Some(dbJAHAb2QG-hr6ARCXVVVA) starts at leader epoch 0 from offset 0 with partition epoch 0, high watermark 0, ISR [0], adding replicas [] and removing replicas [] . Previous leader None and previous leader epoch was -1. (state.change.logger)
[2023-12-18 07:25:21,054] INFO [Broker id=0] Leader __consumer_offsets-9 with topic id Some(dbJAHAb2QG-hr6ARCXVVVA) starts at leader epoch 0 from offset 0 with partition epoch 0, high watermark 0, ISR [0], adding replicas [] and removing replicas [] . Previous leader None and previous leader epoch was -1. (state.change.logger)
[2023-12-18 07:25:21,058] INFO [Broker id=0] Leader __consumer_offsets-24 with topic id Some(dbJAHAb2QG-hr6ARCXVVVA) starts at leader epoch 0 from offset 0 with partition epoch 0, high watermark 0, ISR [0], adding replicas [] and removing replicas [] . Previous leader None and previous leader epoch was -1. (state.change.logger)
[2023-12-18 07:25:21,062] INFO [Broker id=0] Leader __consumer_offsets-31 with topic id Some(dbJAHAb2QG-hr6ARCXVVVA) starts at leader epoch 0 from offset 0 with partition epoch 0, high watermark 0, ISR [0], adding replicas [] and removing replicas [] . Previous leader None and previous leader epoch was -1. (state.change.logger)
[2023-12-18 07:25:21,065] INFO [Broker id=0] Leader __consumer_offsets-46 with topic id Some(dbJAHAb2QG-hr6ARCXVVVA) starts at leader epoch 0 from offset 0 with partition epoch 0, high watermark 0, ISR [0], adding replicas [] and removing replicas [] . Previous leader None and previous leader epoch was -1. (state.change.logger)
[2023-12-18 07:25:21,069] INFO [Broker id=0] Leader __consumer_offsets-1 with topic id Some(dbJAHAb2QG-hr6ARCXVVVA) starts at leader epoch 0 from offset 0 with partition epoch 0, high watermark 0, ISR [0], adding replicas [] and removing replicas [] . Previous leader None and previous leader epoch was -1. (state.change.logger)
[2023-12-18 07:25:21,073] INFO [Broker id=0] Leader __consumer_offsets-16 with topic id Some(dbJAHAb2QG-hr6ARCXVVVA) starts at leader epoch 0 from offset 0 with partition epoch 0, high watermark 0, ISR [0], adding replicas [] and removing replicas [] . Previous leader None and previous leader epoch was -1. (state.change.logger)
[2023-12-18 07:25:21,076] INFO [Broker id=0] Leader __consumer_offsets-2 with topic id Some(dbJAHAb2QG-hr6ARCXVVVA) starts at leader epoch 0 from offset 0 with partition epoch 0, high watermark 0, ISR [0], adding replicas [] and removing replicas [] . Previous leader None and previous leader epoch was -1. (state.change.logger)
[2023-12-18 07:25:21,080] INFO [Broker id=0] Leader TRSIS7-0 with topic id Some(NH7GMSKGR4yl1g0evzt5dA) starts at leader epoch 0 from offset 0 with partition epoch 0, high watermark 0, ISR [0], adding replicas [] and removing replicas [] . Previous leader None and previous leader epoch was -1. (state.change.logger)
[2023-12-18 07:25:21,084] INFO [Broker id=0] Leader __consumer_offsets-25 with topic id Some(dbJAHAb2QG-hr6ARCXVVVA) starts at leader epoch 0 from offset 0 with partition epoch 0, high watermark 0, ISR [0], adding replicas [] and removing replicas [] . Previous leader None and previous leader epoch was -1. (state.change.logger)
[2023-12-18 07:25:21,088] INFO [Broker id=0] Leader __consumer_offsets-40 with topic id Some(dbJAHAb2QG-hr6ARCXVVVA) starts at leader epoch 0 from offset 3 with partition epoch 0, high watermark 3, ISR [0], adding replicas [] and removing replicas [] . Previous leader None and previous leader epoch was -1. (state.change.logger)
[2023-12-18 07:25:21,088] INFO [Broker id=0] Leader __consumer_offsets-47 with topic id Some(dbJAHAb2QG-hr6ARCXVVVA) starts at leader epoch 0 from offset 0 with partition epoch 0, high watermark 0, ISR [0], adding replicas [] and removing replicas [] . Previous leader None and previous leader epoch was -1. (state.change.logger)
[2023-12-18 07:25:21,091] INFO [Broker id=0] Leader __consumer_offsets-17 with topic id Some(dbJAHAb2QG-hr6ARCXVVVA) starts at leader epoch 0 from offset 0 with partition epoch 0, high watermark 0, ISR [0], adding replicas [] and removing replicas [] . Previous leader None and previous leader epoch was -1. (state.change.logger)
[2023-12-18 07:25:21,096] INFO [Broker id=0] Leader __consumer_offsets-32 with topic id Some(dbJAHAb2QG-hr6ARCXVVVA) starts at leader epoch 0 from offset 0 with partition epoch 0, high watermark 0, ISR [0], adding replicas [] and removing replicas [] . Previous leader None and previous leader epoch was -1. (state.change.logger)
[2023-12-18 07:25:21,100] INFO [Broker id=0] Leader __consumer_offsets-37 with topic id Some(dbJAHAb2QG-hr6ARCXVVVA) starts at leader epoch 0 from offset 0 with partition epoch 0, high watermark 0, ISR [0], adding replicas [] and removing replicas [] . Previous leader None and previous leader epoch was -1. (state.change.logger)
[2023-12-18 07:25:21,103] INFO [Broker id=0] Leader __consumer_offsets-7 with topic id Some(dbJAHAb2QG-hr6ARCXVVVA) starts at leader epoch 0 from offset 0 with partition epoch 0, high watermark 0, ISR [0], adding replicas [] and removing replicas [] . Previous leader None and previous leader epoch was -1. (state.change.logger)
[2023-12-18 07:25:21,108] INFO [Broker id=0] Leader __consumer_offsets-22 with topic id Some(dbJAHAb2QG-hr6ARCXVVVA) starts at leader epoch 0 from offset 0 with partition epoch 0, high watermark 0, ISR [0], adding replicas [] and removing replicas [] . Previous leader None and previous leader epoch was -1. (state.change.logger)
[2023-12-18 07:25:21,110] INFO [Broker id=0] Leader __consumer_offsets-29 with topic id Some(dbJAHAb2QG-hr6ARCXVVVA) starts at leader epoch 0 from offset 0 with partition epoch 0, high watermark 0, ISR [0], adding replicas [] and removing replicas [] . Previous leader None and previous leader epoch was -1. (state.change.logger)
[2023-12-18 07:25:21,114] INFO [Broker id=0] Leader __consumer_offsets-44 with topic id Some(dbJAHAb2QG-hr6ARCXVVVA) starts at leader epoch 0 from offset 0 with partition epoch 0, high watermark 0, ISR [0], adding replicas [] and removing replicas [] . Previous leader None and previous leader epoch was -1. (state.change.logger)
[2023-12-18 07:25:21,118] INFO [Broker id=0] Leader __consumer_offsets-14 with topic id Some(dbJAHAb2QG-hr6ARCXVVVA) starts at leader epoch 0 from offset 0 with partition epoch 0, high watermark 0, ISR [0], adding replicas [] and removing replicas [] . Previous leader None and previous leader epoch was -1. (state.change.logger)
[2023-12-18 07:25:21,122] INFO [Broker id=0] Leader __consumer_offsets-23 with topic id Some(dbJAHAb2QG-hr6ARCXVVVA) starts at leader epoch 0 from offset 0 with partition epoch 0, high watermark 0, ISR [0], adding replicas [] and removing replicas [] . Previous leader None and previous leader epoch was -1. (state.change.logger)
[2023-12-18 07:25:21,126] INFO [Broker id=0] Leader __consumer_offsets-38 with topic id Some(dbJAHAb2QG-hr6ARCXVVVA) starts at leader epoch 0 from offset 0 with partition epoch 0, high watermark 0, ISR [0], adding replicas [] and removing replicas [] . Previous leader None and previous leader epoch was -1. (state.change.logger)
[2023-12-18 07:25:21,129] INFO [Broker id=0] Leader __consumer_offsets-8 with topic id Some(dbJAHAb2QG-hr6ARCXVVVA) starts at leader epoch 0 from offset 0 with partition epoch 0, high watermark 0, ISR [0], adding replicas [] and removing replicas [] . Previous leader None and previous leader epoch was -1. (state.change.logger)
[2023-12-18 07:25:21,133] INFO [Broker id=0] Leader __consumer_offsets-45 with topic id Some(dbJAHAb2QG-hr6ARCXVVVA) starts at leader epoch 0 from offset 0 with partition epoch 0, high watermark 0, ISR [0], adding replicas [] and removing replicas [] . Previous leader None and previous leader epoch was -1. (state.change.logger)
[2023-12-18 07:25:21,136] INFO [Broker id=0] Leader __consumer_offsets-15 with topic id Some(dbJAHAb2QG-hr6ARCXVVVA) starts at leader epoch 0 from offset 0 with partition epoch 0, high watermark 0, ISR [0], adding replicas [] and removing replicas [] . Previous leader None and previous leader epoch was -1. (state.change.logger)
[2023-12-18 07:25:21,140] INFO [Broker id=0] Leader __consumer_offsets-30 with topic id Some(dbJAHAb2QG-hr6ARCXVVVA) starts at leader epoch 0 from offset 0 with partition epoch 0, high watermark 0, ISR [0], adding replicas [] and removing replicas [] . Previous leader None and previous leader epoch was -1. (state.change.logger)
[2023-12-18 07:25:21,144] INFO [Broker id=0] Leader __consumer_offsets-0 with topic id Some(dbJAHAb2QG-hr6ARCXVVVA) starts at leader epoch 0 from offset 0 with partition epoch 0, high watermark 0, ISR [0], adding replicas [] and removing replicas [] . Previous leader None and previous leader epoch was -1. (state.change.logger)
[2023-12-18 07:25:21,148] INFO [Broker id=0] Leader __consumer_offsets-35 with topic id Some(dbJAHAb2QG-hr6ARCXVVVA) starts at leader epoch 0 from offset 0 with partition epoch 0, high watermark 0, ISR [0], adding replicas [] and removing replicas [] . Previous leader None and previous leader epoch was -1. (state.change.logger)
[2023-12-18 07:25:21,152] INFO [Broker id=0] Leader __consumer_offsets-5 with topic id Some(dbJAHAb2QG-hr6ARCXVVVA) starts at leader epoch 0 from offset 0 with partition epoch 0, high watermark 0, ISR [0], adding replicas [] and removing replicas [] . Previous leader None and previous leader epoch was -1. (state.change.logger)
[2023-12-18 07:25:21,154] INFO [Broker id=0] Leader __consumer_offsets-20 with topic id Some(dbJAHAb2QG-hr6ARCXVVVA) starts at leader epoch 0 from offset 0 with partition epoch 0, high watermark 0, ISR [0], adding replicas [] and removing replicas [] . Previous leader None and previous leader epoch was -1. (state.change.logger)
[2023-12-18 07:25:21,159] INFO [Broker id=0] Leader __consumer_offsets-27 with topic id Some(dbJAHAb2QG-hr6ARCXVVVA) starts at leader epoch 0 from offset 0 with partition epoch 0, high watermark 0, ISR [0], adding replicas [] and removing replicas [] . Previous leader None and previous leader epoch was -1. (state.change.logger)
[2023-12-18 07:25:21,163] INFO [Broker id=0] Leader __consumer_offsets-42 with topic id Some(dbJAHAb2QG-hr6ARCXVVVA) starts at leader epoch 0 from offset 0 with partition epoch 0, high watermark 0, ISR [0], adding replicas [] and removing replicas [] . Previous leader None and previous leader epoch was -1. (state.change.logger)
[2023-12-18 07:25:21,166] INFO [Broker id=0] Leader __consumer_offsets-12 with topic id Some(dbJAHAb2QG-hr6ARCXVVVA) starts at leader epoch 0 from offset 0 with partition epoch 0, high watermark 0, ISR [0], adding replicas [] and removing replicas [] . Previous leader None and previous leader epoch was -1. (state.change.logger)
[2023-12-18 07:25:21,170] INFO [Broker id=0] Leader __consumer_offsets-21 with topic id Some(dbJAHAb2QG-hr6ARCXVVVA) starts at leader epoch 0 from offset 2 with partition epoch 0, high watermark 2, ISR [0], adding replicas [] and removing replicas [] . Previous leader None and previous leader epoch was -1. (state.change.logger)
[2023-12-18 07:25:21,170] INFO [Broker id=0] Leader __consumer_offsets-36 with topic id Some(dbJAHAb2QG-hr6ARCXVVVA) starts at leader epoch 0 from offset 0 with partition epoch 0, high watermark 0, ISR [0], adding replicas [] and removing replicas [] . Previous leader None and previous leader epoch was -1. (state.change.logger)
[2023-12-18 07:25:21,173] INFO [Broker id=0] Leader __consumer_offsets-6 with topic id Some(dbJAHAb2QG-hr6ARCXVVVA) starts at leader epoch 0 from offset 0 with partition epoch 0, high watermark 0, ISR [0], adding replicas [] and removing replicas [] . Previous leader None and previous leader epoch was -1. (state.change.logger)
[2023-12-18 07:25:21,177] INFO [Broker id=0] Leader __consumer_offsets-43 with topic id Some(dbJAHAb2QG-hr6ARCXVVVA) starts at leader epoch 0 from offset 0 with partition epoch 0, high watermark 0, ISR [0], adding replicas [] and removing replicas [] . Previous leader None and previous leader epoch was -1. (state.change.logger)
[2023-12-18 07:25:21,180] INFO [Broker id=0] Leader __consumer_offsets-13 with topic id Some(dbJAHAb2QG-hr6ARCXVVVA) starts at leader epoch 0 from offset 0 with partition epoch 0, high watermark 0, ISR [0], adding replicas [] and removing replicas [] . Previous leader None and previous leader epoch was -1. (state.change.logger)
[2023-12-18 07:25:21,184] INFO [Broker id=0] Leader __consumer_offsets-28 with topic id Some(dbJAHAb2QG-hr6ARCXVVVA) starts at leader epoch 0 from offset 0 with partition epoch 0, high watermark 0, ISR [0], adding replicas [] and removing replicas [] . Previous leader None and previous leader epoch was -1. (state.change.logger)
[2023-12-18 07:25:21,203] INFO [Broker id=0] Finished LeaderAndIsr request in 248ms correlationId 1 from controller 0 for 51 partitions (state.change.logger)
[2023-12-18 07:25:21,217] INFO [Broker id=0] Add 51 partitions and deleted 0 partitions from metadata cache in response to UpdateMetadata request sent by controller 0 epoch 3 with correlation id 2 (state.change.logger)
[2023-12-18 20:35:46,110] INFO [Controller id=0 epoch=3] Sending UpdateMetadata request to brokers HashSet() for 0 partitions (state.change.logger)
